
15/08/2022-20:09:58>[AppGestion.Accueil] PaquayLukas -> EmplacementPont1FocusGained_
15/08/2022-20:09:58>[AppGestion.Accueil] PaquayLukas -> RemplirInfoEmplacement_
15/08/2022-20:09:59>[AppGestion.Accueil] PaquayLukas -> ListeLogActionPerformed_
15/08/2022-20:09:59>[AppGestion.Accueil] PaquayLukas -> EmplacementPont1FocusGained_
15/08/2022-20:09:59>[AppGestion.Accueil] PaquayLukas -> RemplirInfoEmplacement_
15/08/2022-20:10:03>[AppGestion.Accueil] PaquayLukas -> EmplacementPont1FocusGained_
15/08/2022-20:10:03>[AppGestion.Accueil] PaquayLukas -> RemplirInfoEmplacement_
15/08/2022-20:10:06>[AppGestion.Accueil] PaquayLukas -> PriseEnChargeActionPerformed_
15/08/2022-20:10:06>[AppGestion.Accueil] PaquayLukas -> EmplacementPont1FocusGained_
15/08/2022-20:10:06>[AppGestion.Accueil] PaquayLukas -> RemplirInfoEmplacement_
15/08/2022-20:10:08>[AppGestion.PriseEnCharge] PaquayLukas -> PontActionPerformed_
15/08/2022-20:10:08>[AppGestion.PriseEnCharge] PaquayLukas -> PontActionPerformed_
15/08/2022-20:10:10>[AppGestion.PriseEnCharge] PaquayLukas -> ButtonCancelActionPerformed_
15/08/2022-20:10:10>[AppGestion.Accueil] PaquayLukas -> SetPontEmplacement_
15/08/2022-20:10:10>[AppGestion.Accueil] PaquayLukas -> EmplacementPont1FocusGained_
15/08/2022-20:10:10>[AppGestion.Accueil] PaquayLukas -> RemplirInfoEmplacement_
15/08/2022-20:10:12>[AppGestion.Accueil] PaquayLukas -> APrevoirActionPerformed_
15/08/2022-20:10:12>[AppGestion.APrevoir] PaquayLukas -> VoitureActionPerformed_
15/08/2022-20:10:12>[AppGestion.APrevoir] PaquayLukas -> ProprietaireActionPerformed_
15/08/2022-20:10:12>[AppGestion.APrevoir] PaquayLukas -> VoitureActionPerformed_
15/08/2022-20:10:12>[AppGestion.APrevoir] PaquayLukas -> ProprietaireActionPerformed_
15/08/2022-20:10:12>[AppGestion.Accueil] PaquayLukas -> EmplacementPont1FocusGained_
15/08/2022-20:10:12>[AppGestion.Accueil] PaquayLukas -> RemplirInfoEmplacement_
15/08/2022-20:10:29>[AppGestion.Authentification] MembrePersonnelActionPerformed_
15/08/2022-20:10:29>[AppGestion.Authentification] ButtonOkActionPerformed_
15/08/2022-20:10:29>[AppGestion.Authentification] PaquayLukas -> fenetreaccueuil_
15/08/2022-20:10:29>[AppGestion.Accueil] PaquayLukas -> SetPontEmplacement_
15/08/2022-20:10:29>[AppGestion.Accueil] PaquayLukas -> personnelpresent_
15/08/2022-20:10:29>[AppGestion.Accueil] PaquayLukas -> SetClientBureau_
15/08/2022-20:10:29>[AppGestion.Accueil] PaquayLukas -> AfficherDate_
15/08/2022-20:10:29>[AppGestion.Accueil] PaquayLukas -> EmplacementPont1FocusGained_
15/08/2022-20:10:29>[AppGestion.Accueil] PaquayLukas -> RemplirInfoEmplacement_
15/08/2022-20:10:34>[AppGestion.Accueil] PaquayLukas -> AddVoitureActionPerformed_
15/08/2022-20:10:34>[AppGestion.Accueil] PaquayLukas -> EmplacementPont1FocusGained_
15/08/2022-20:10:34>[AppGestion.Accueil] PaquayLukas -> RemplirInfoEmplacement_
15/08/2022-20:11:16>[Window.AddVoiture] PaquayLukas -> PlaqueBelgeActionPerformed_
15/08/2022-20:11:45>[Window.AddVoiture] PaquayLukas -> ButtonCancelActionPerformed_
15/08/2022-20:11:45>[AppGestion.Accueil] PaquayLukas -> EmplacementPont1FocusGained_
15/08/2022-20:11:45>[AppGestion.Accueil] PaquayLukas -> RemplirInfoEmplacement_
15/08/2022-20:11:47>[AppGestion.Accueil] PaquayLukas -> AddClientActionPerformed_
15/08/2022-20:11:47>[AppGestion.Accueil] PaquayLukas -> EmplacementPont1FocusGained_
15/08/2022-20:11:47>[AppGestion.Accueil] PaquayLukas -> RemplirInfoEmplacement_
15/08/2022-20:12:10>[Window.AddClient] PaquayLukas -> ButtonAddActionPerformed_
15/08/2022-20:12:10>[Window.AddClient] PaquayLukas -> add_
15/08/2022-20:12:11>[AppGestion.Accueil] PaquayLukas -> EmplacementPont1FocusGained_
15/08/2022-20:12:11>[AppGestion.Accueil] PaquayLukas -> RemplirInfoEmplacement_
15/08/2022-20:12:14>[AppGestion.Accueil] PaquayLukas -> AddVoitureActionPerformed_
15/08/2022-20:12:14>[AppGestion.Accueil] PaquayLukas -> EmplacementPont1FocusGained_
15/08/2022-20:12:14>[AppGestion.Accueil] PaquayLukas -> RemplirInfoEmplacement_
15/08/2022-20:12:16>[AppGestion.Accueil] PaquayLukas -> EmplacementPont1FocusGained_
15/08/2022-20:12:16>[AppGestion.Accueil] PaquayLukas -> RemplirInfoEmplacement_
15/08/2022-20:12:47>[Window.AddVoiture] PaquayLukas -> PlaqueBelgeActionPerformed_
15/08/2022-20:12:53>[Window.AddVoiture] PaquayLukas -> ButtonAddActionPerformed_
15/08/2022-20:12:53>[Window.AddVoiture] PaquayLukas -> verifierimmatriculation_
15/08/2022-20:12:53>[Window.AddVoiture] PaquayLukas -> add_
15/08/2022-20:12:55>[AppGestion.Accueil] PaquayLukas -> EmplacementPont1FocusGained_
15/08/2022-20:12:55>[AppGestion.Accueil] PaquayLukas -> RemplirInfoEmplacement_
15/08/2022-20:12:58>[AppGestion.Accueil] PaquayLukas -> APrevoirActionPerformed_
15/08/2022-20:12:58>[AppGestion.APrevoir] PaquayLukas -> VoitureActionPerformed_
15/08/2022-20:12:58>[AppGestion.APrevoir] PaquayLukas -> ProprietaireActionPerformed_
15/08/2022-20:12:58>[AppGestion.APrevoir] PaquayLukas -> VoitureActionPerformed_
15/08/2022-20:12:58>[AppGestion.APrevoir] PaquayLukas -> ProprietaireActionPerformed_
15/08/2022-20:12:58>[AppGestion.Accueil] PaquayLukas -> EmplacementPont1FocusGained_
15/08/2022-20:12:58>[AppGestion.Accueil] PaquayLukas -> RemplirInfoEmplacement_
15/08/2022-20:13:01>[AppGestion.APrevoir] PaquayLukas -> VoitureActionPerformed_
15/08/2022-20:13:01>[AppGestion.APrevoir] PaquayLukas -> changeindex_
15/08/2022-20:13:01>[AppGestion.APrevoir] PaquayLukas -> ProprietaireActionPerformed_
15/08/2022-20:13:01>[AppGestion.APrevoir] PaquayLukas -> changeindex_
15/08/2022-20:13:04>[AppGestion.APrevoir] PaquayLukas -> EntretienActionPerformed_
15/08/2022-20:13:04>[AppGestion.APrevoir] PaquayLukas -> viderCB_
15/08/2022-20:13:04>[AppGestion.APrevoir] PaquayLukas -> Addelement_
15/08/2022-20:13:50>[AppGestion.APrevoir] PaquayLukas -> ButtonOkActionPerformed_
15/08/2022-20:13:50>[AppGestion.APrevoir] PaquayLukas -> addtravail_
15/08/2022-20:13:50>[AppGestion.APrevoir] PaquayLukas -> PlusGrand_
15/08/2022-20:13:51>[AppGestion.Accueil] PaquayLukas -> EmplacementPont1FocusGained_
15/08/2022-20:13:51>[AppGestion.Accueil] PaquayLukas -> RemplirInfoEmplacement_
15/08/2022-20:13:53>[AppGestion.Accueil] PaquayLukas -> EmplacementPont1FocusGained_
15/08/2022-20:13:53>[AppGestion.Accueil] PaquayLukas -> RemplirInfoEmplacement_
15/08/2022-20:13:56>[AppGestion.Accueil] PaquayLukas -> PriseEnChargeActionPerformed_
15/08/2022-20:13:56>[AppGestion.Accueil] PaquayLukas -> EmplacementPont1FocusGained_
15/08/2022-20:13:56>[AppGestion.Accueil] PaquayLukas -> RemplirInfoEmplacement_
15/08/2022-20:14:00>[AppGestion.PriseEnCharge] PaquayLukas -> PontActionPerformed_
15/08/2022-20:14:02>[AppGestion.PriseEnCharge] PaquayLukas -> SelectionPontActionPerformed_
15/08/2022-20:14:03>[AppGestion.PriseEnCharge] PaquayLukas -> ButtonOkActionPerformed_
15/08/2022-20:14:03>[AppGestion.PriseEnCharge] PaquayLukas -> VerifierEmplacement_
15/08/2022-20:14:03>[AppGestion.PriseEnCharge] PaquayLukas -> Modifieremplacement_
15/08/2022-20:14:04>[AppGestion.Accueil] PaquayLukas -> SetPontEmplacement_
15/08/2022-20:14:04>[AppGestion.Accueil] PaquayLukas -> ChercherEntretien_
15/08/2022-20:14:04>[AppGestion.Accueil] PaquayLukas -> EmplacementPont1FocusGained_
15/08/2022-20:14:04>[AppGestion.Accueil] PaquayLukas -> RemplirInfoEmplacement_
15/08/2022-20:14:05>[AppGestion.Accueil] PaquayLukas -> EmplacementPont2FocusGained_
15/08/2022-20:14:05>[AppGestion.Accueil] PaquayLukas -> RemplirInfoEmplacement_
15/08/2022-20:14:05>[AppGestion.Accueil] PaquayLukas -> ChercherEntretien_
15/08/2022-20:14:25>[AppGestion.Accueil] PaquayLukas -> PersonnelAbsentActionPerformed_
15/08/2022-20:14:25>[AppGestion.Accueil] PaquayLukas -> personnelpaspresent_
15/08/2022-20:14:26>[AppGestion.Accueil] PaquayLukas -> PersonnelPresentActionPerformed_
15/08/2022-20:14:26>[AppGestion.Accueil] PaquayLukas -> personnelpresent_
15/08/2022-20:14:28>[AppGestion.Accueil] PaquayLukas -> TerminerTravailActionPerformed_
15/08/2022-20:14:30>[AppGestion.Accueil] PaquayLukas -> SetPontEmplacement_
15/08/2022-20:14:33>[AppGestion.Accueil] PaquayLukas -> TerminerTravailActionPerformed_
15/08/2022-20:14:35>[AppGestion.Accueil] PaquayLukas -> ListeTravauxActionPerformed_
15/08/2022-20:14:49>[AppGestion.ListeTravaux] PaquayLukas -> ButtonOkActionPerformed_
15/08/2022-20:14:54>[AppGestion.Accueil] PaquayLukas -> PriseEnChargeActionPerformed_
15/08/2022-20:14:56>[AppGestion.PriseEnCharge] PaquayLukas -> ButtonCancelActionPerformed_
15/08/2022-20:14:56>[AppGestion.Accueil] PaquayLukas -> SetPontEmplacement_
15/08/2022-20:15:00>[AppGestion.Accueil] PaquayLukas -> ListeCommandesActionPerformed_
15/08/2022-20:15:06>[AppGestion.Accueil] PaquayLukas -> CommanderPieceActionPerformed_
15/08/2022-20:15:06>[AppGestion.Commande.pièces] PaquayLukas -> AfficherDate_
15/08/2022-20:18:00>[AppGestion.Commande.pièces] PaquayLukas -> ButtonCancelActionPerformed_
15/08/2022-20:18:12>[AppGestion.Accueil] PaquayLukas -> DebuterActionPerformed_
15/08/2022-20:19:45>[AppGestion.Authentification] MembrePersonnelActionPerformed_
15/08/2022-20:19:46>[AppGestion.Authentification] ButtonOkActionPerformed_
15/08/2022-20:19:46>[AppGestion.Authentification] PaquayLukas -> fenetreaccueuil_
15/08/2022-20:19:46>[AppGestion.Accueil] PaquayLukas -> SetPontEmplacement_
15/08/2022-20:19:46>[AppGestion.Accueil] PaquayLukas -> personnelpresent_
15/08/2022-20:19:46>[AppGestion.Accueil] PaquayLukas -> SetClientBureau_
15/08/2022-20:19:46>[AppGestion.Accueil] PaquayLukas -> AfficherDate_
15/08/2022-20:19:46>[AppGestion.Accueil] PaquayLukas -> EmplacementPont1FocusGained_
15/08/2022-20:19:46>[AppGestion.Accueil] PaquayLukas -> RemplirInfoEmplacement_
15/08/2022-20:19:51>[AppGestion.Accueil] PaquayLukas -> DebuterActionPerformed_
15/08/2022-20:19:51>[AppGestion.Accueil] PaquayLukas -> EmplacementPont1FocusGained_
15/08/2022-20:19:51>[AppGestion.Accueil] PaquayLukas -> RemplirInfoEmplacement_
15/08/2022-20:19:55>[AppGestion.Accueil] PaquayLukas -> EmplacementPont1FocusGained_
15/08/2022-20:19:55>[AppGestion.Accueil] PaquayLukas -> RemplirInfoEmplacement_
15/08/2022-20:20:40>[AppGestion.Authentification] MembrePersonnelActionPerformed_
15/08/2022-20:20:41>[AppGestion.Authentification] ButtonOkActionPerformed_
15/08/2022-20:20:41>[AppGestion.Authentification] PaquayLukas -> fenetreaccueuil_
15/08/2022-20:20:41>[AppGestion.Accueil] PaquayLukas -> SetPontEmplacement_
15/08/2022-20:20:41>[AppGestion.Accueil] PaquayLukas -> personnelpresent_
15/08/2022-20:20:41>[AppGestion.Accueil] PaquayLukas -> SetClientBureau_
15/08/2022-20:20:41>[AppGestion.Accueil] PaquayLukas -> AfficherDate_
15/08/2022-20:20:41>[AppGestion.Accueil] PaquayLukas -> EmplacementPont1FocusGained_
15/08/2022-20:20:41>[AppGestion.Accueil] PaquayLukas -> RemplirInfoEmplacement_
15/08/2022-20:20:45>[AppGestion.Accueil] PaquayLukas -> EmplacementPont1FocusGained_
15/08/2022-20:20:45>[AppGestion.Accueil] PaquayLukas -> RemplirInfoEmplacement_
15/08/2022-20:20:52>[AppGestion.Accueil] PaquayLukas -> CommanderPieceActionPerformed_
15/08/2022-20:20:53>[AppGestion.Commande.pièces] PaquayLukas -> AfficherDate_
15/08/2022-20:20:53>[AppGestion.Accueil] PaquayLukas -> EmplacementPont1FocusGained_
15/08/2022-20:20:53>[AppGestion.Accueil] PaquayLukas -> RemplirInfoEmplacement_
15/08/2022-20:20:57>[AppGestion.Commande.pièces] PaquayLukas -> NormalActionPerformed_
15/08/2022-20:21:57>[AppGestion.Accueil] PaquayLukas -> EmplacementPont1FocusGained_
15/08/2022-20:21:57>[AppGestion.Accueil] PaquayLukas -> RemplirInfoEmplacement_
15/08/2022-20:22:13>[AppGestion.Commande.pièces] PaquayLukas -> ButtonSendActionPerformed_
15/08/2022-20:22:47>[AppGestion.Commande.pièces] PaquayLukas -> ButtonSendActionPerformed_
15/08/2022-20:22:50>[AppGestion.Commande.pièces] PaquayLukas -> ButtonCancelActionPerformed_
15/08/2022-20:22:53>[AppGestion.Accueil] PaquayLukas -> EmplacementPont1FocusGained_
15/08/2022-20:22:53>[AppGestion.Accueil] PaquayLukas -> RemplirInfoEmplacement_
15/08/2022-20:22:56>[AppGestion.Accueil] PaquayLukas -> ReceiveCommandeActionPerformed_
15/08/2022-20:22:56>[AppGestion.Accueil] PaquayLukas -> EmplacementPont1FocusGained_
15/08/2022-20:22:56>[AppGestion.Accueil] PaquayLukas -> RemplirInfoEmplacement_
15/08/2022-20:23:00>[AppGestion.ReceiveCommande] PaquayLukas -> ReceiveCommandeActionPerformed_
15/08/2022-20:23:01>[AppGestion.ReceiveCommande] PaquayLukas -> ReceiveCommandeActionPerformed_
15/08/2022-20:23:14>[AppGestion.ReceiveCommande] PaquayLukas -> ReceiveCommandeActionPerformed_
15/08/2022-20:23:15>[AppGestion.ReceiveCommande] PaquayLukas -> ReceiveCommandeActionPerformed_
15/08/2022-20:23:15>[AppGestion.ReceiveCommande] PaquayLukas -> CancelButtonActionPerformed_
15/08/2022-20:23:16>[AppGestion.Accueil] PaquayLukas -> EmplacementPont1FocusGained_
15/08/2022-20:23:16>[AppGestion.Accueil] PaquayLukas -> RemplirInfoEmplacement_
15/08/2022-20:23:53>[AppGestion.Accueil] PaquayLukas -> EmplacementPont1FocusGained_
15/08/2022-20:23:53>[AppGestion.Accueil] PaquayLukas -> RemplirInfoEmplacement_
15/08/2022-20:23:58>[AppGestion.Accueil] PaquayLukas -> ListeLogActionPerformed_
15/08/2022-20:23:59>[AppGestion.Accueil] PaquayLukas -> EmplacementPont1FocusGained_
15/08/2022-20:23:59>[AppGestion.Accueil] PaquayLukas -> RemplirInfoEmplacement_
15/08/2022-20:24:08>[AppGestion.Accueil] PaquayLukas -> EmplacementPont1FocusGained_
15/08/2022-20:24:08>[AppGestion.Accueil] PaquayLukas -> RemplirInfoEmplacement_
15/08/2022-20:24:10>[AppGestion.Accueil] PaquayLukas -> AProposActionPerformed_
15/08/2022-20:24:10>[AppGestion.Accueil] PaquayLukas -> EmplacementPont1FocusGained_
15/08/2022-20:24:10>[AppGestion.Accueil] PaquayLukas -> RemplirInfoEmplacement_
15/08/2022-20:24:15>[AppGestion.APropos] PaquayLukas -> ButtonOkActionPerformed_
15/08/2022-20:24:15>[AppGestion.Accueil] PaquayLukas -> EmplacementPont1FocusGained_
15/08/2022-20:24:15>[AppGestion.Accueil] PaquayLukas -> RemplirInfoEmplacement_
15/08/2022-20:24:17>[AppGestion.Accueil] PaquayLukas -> AProposActionPerformed_
15/08/2022-20:24:17>[AppGestion.Accueil] PaquayLukas -> EmplacementPont1FocusGained_
15/08/2022-20:24:17>[AppGestion.Accueil] PaquayLukas -> RemplirInfoEmplacement_
15/08/2022-20:24:18>[AppGestion.APropos] PaquayLukas -> ButtonOkActionPerformed_
15/08/2022-20:24:18>[AppGestion.Accueil] PaquayLukas -> EmplacementPont1FocusGained_
15/08/2022-20:24:18>[AppGestion.Accueil] PaquayLukas -> RemplirInfoEmplacement_
15/08/2022-20:24:20>[AppGestion.Accueil] PaquayLukas -> EmplacementPont1FocusGained_
15/08/2022-20:24:20>[AppGestion.Accueil] PaquayLukas -> RemplirInfoEmplacement_
15/08/2022-20:25:03>[AppGestion.Accueil] PaquayLukas -> EmplacementPont1FocusGained_
15/08/2022-20:25:03>[AppGestion.Accueil] PaquayLukas -> RemplirInfoEmplacement_
15/08/2022-20:26:29>[AppGestion.Authentification] MembrePersonnelActionPerformed_
15/08/2022-20:26:29>[AppGestion.Authentification] ButtonOkActionPerformed_
15/08/2022-20:26:29>[AppGestion.Authentification] PaquayLukas -> fenetreaccueuil_
15/08/2022-20:26:29>[AppGestion.Accueil] PaquayLukas -> SetPontEmplacement_
15/08/2022-20:26:29>[AppGestion.Accueil] PaquayLukas -> personnelpresent_
15/08/2022-20:26:29>[AppGestion.Accueil] PaquayLukas -> SetClientBureau_
15/08/2022-20:26:29>[AppGestion.Accueil] PaquayLukas -> AfficherDate_
15/08/2022-20:26:30>[AppGestion.Accueil] PaquayLukas -> EmplacementPont1FocusGained_
15/08/2022-20:26:30>[AppGestion.Accueil] PaquayLukas -> RemplirInfoEmplacement_
15/08/2022-20:26:32>[AppGestion.Accueil] PaquayLukas -> AProposActionPerformed_
15/08/2022-20:26:32>[AppGestion.Accueil] PaquayLukas -> EmplacementPont1FocusGained_
15/08/2022-20:26:32>[AppGestion.Accueil] PaquayLukas -> RemplirInfoEmplacement_
15/08/2022-20:26:34>[AppGestion.APropos] PaquayLukas -> ButtonOkActionPerformed_
15/08/2022-20:26:34>[AppGestion.Accueil] PaquayLukas -> EmplacementPont1FocusGained_
15/08/2022-20:26:34>[AppGestion.Accueil] PaquayLukas -> RemplirInfoEmplacement_
15/08/2022-20:26:36>[AppGestion.Accueil] PaquayLukas -> DebuterActionPerformed_
15/08/2022-20:26:36>[AppGestion.Accueil] PaquayLukas -> EmplacementPont1FocusGained_
15/08/2022-20:26:36>[AppGestion.Accueil] PaquayLukas -> RemplirInfoEmplacement_
15/08/2022-20:26:44>[AppGestion.Accueil] PaquayLukas -> EmplacementPont1FocusGained_
15/08/2022-20:26:44>[AppGestion.Accueil] PaquayLukas -> RemplirInfoEmplacement_
15/08/2022-20:29:49>[AppGestion.Authentification] ButtonCancelActionPerformed_
15/08/2022-20:31:27>[AppGestion.Authentification] MembrePersonnelActionPerformed_
15/08/2022-20:31:44>[AppGestion.Authentification] ButtonOkActionPerformed_
15/08/2022-20:31:44>[AppGestion.Authentification] PaquayLukas -> fenetreaccueuil_
15/08/2022-20:31:44>[AppGestion.Accueil] PaquayLukas -> SetPontEmplacement_
15/08/2022-20:31:44>[AppGestion.Accueil] PaquayLukas -> personnelpresent_
15/08/2022-20:31:44>[AppGestion.Accueil] PaquayLukas -> SetClientBureau_
15/08/2022-20:31:44>[AppGestion.Accueil] PaquayLukas -> AfficherDate_
15/08/2022-20:31:44>[AppGestion.Accueil] PaquayLukas -> EmplacementPont1FocusGained_
15/08/2022-20:31:44>[AppGestion.Accueil] PaquayLukas -> RemplirInfoEmplacement_
15/08/2022-20:31:50>[AppGestion.Accueil] PaquayLukas -> CommanderPneuActionPerformed_
15/08/2022-20:31:50>[AppGestion.Commande.pneu] PaquayLukas -> AfficherDate_
15/08/2022-20:31:51>[AppGestion.Accueil] PaquayLukas -> EmplacementPont1FocusGained_
15/08/2022-20:31:51>[AppGestion.Accueil] PaquayLukas -> RemplirInfoEmplacement_
15/08/2022-20:31:52>[AppGestion.Commande.pneu] PaquayLukas -> NormalActionPerformed_
15/08/2022-20:32:30>[AppGestion.Commande.pneu] PaquayLukas -> ButtonCancelActionPerformed_
15/08/2022-20:33:42>[AppGestion.Accueil] PaquayLukas -> EmplacementPont1FocusGained_
15/08/2022-20:33:42>[AppGestion.Accueil] PaquayLukas -> RemplirInfoEmplacement_
15/08/2022-20:33:44>[AppGestion.Accueil] PaquayLukas -> InfoSystemeActionPerformed_
15/08/2022-20:33:44>[AppGestion.Accueil] PaquayLukas -> EmplacementPont1FocusGained_
15/08/2022-20:33:44>[AppGestion.Accueil] PaquayLukas -> RemplirInfoEmplacement_
15/08/2022-20:33:48>[AppGestion.Accueil] PaquayLukas -> EmplacementPont1FocusGained_
15/08/2022-20:33:48>[AppGestion.Accueil] PaquayLukas -> RemplirInfoEmplacement_
15/08/2022-20:33:51>[AppGestion.Accueil] PaquayLukas -> InfoSystemeActionPerformed_
15/08/2022-20:33:51>[AppGestion.Accueil] PaquayLukas -> EmplacementPont1FocusGained_
15/08/2022-20:33:51>[AppGestion.Accueil] PaquayLukas -> RemplirInfoEmplacement_
15/08/2022-20:33:52>[AppGestion.Accueil] PaquayLukas -> EmplacementPont1FocusGained_
15/08/2022-20:33:52>[AppGestion.Accueil] PaquayLukas -> RemplirInfoEmplacement_
15/08/2022-20:33:54>[AppGestion.Accueil] PaquayLukas -> DebuterActionPerformed_
15/08/2022-20:33:54>[AppGestion.Accueil] PaquayLukas -> EmplacementPont1FocusGained_
15/08/2022-20:33:54>[AppGestion.Accueil] PaquayLukas -> RemplirInfoEmplacement_
15/08/2022-20:34:01>[AppGestion.Accueil] PaquayLukas -> EmplacementPont1FocusGained_
15/08/2022-20:34:01>[AppGestion.Accueil] PaquayLukas -> RemplirInfoEmplacement_
15/08/2022-20:39:50>[AppGestion.Authentification] MembrePersonnelActionPerformed_
15/08/2022-20:39:51>[AppGestion.Authentification] ButtonOkActionPerformed_
15/08/2022-20:39:51>[AppGestion.Authentification] PaquayLukas -> fenetreaccueuil_
15/08/2022-20:39:51>[AppGestion.Accueil] PaquayLukas -> SetPontEmplacement_
15/08/2022-20:39:51>[AppGestion.Accueil] PaquayLukas -> personnelpresent_
15/08/2022-20:39:51>[AppGestion.Accueil] PaquayLukas -> SetClientBureau_
15/08/2022-20:39:51>[AppGestion.Accueil] PaquayLukas -> AfficherDate_
15/08/2022-20:39:51>[AppGestion.Accueil] PaquayLukas -> EmplacementPont1FocusGained_
15/08/2022-20:39:51>[AppGestion.Accueil] PaquayLukas -> RemplirInfoEmplacement_
15/08/2022-21:21:35>[AppGestion.Accueil] PaquayLukas -> EmplacementPont1FocusGained_
15/08/2022-21:21:35>[AppGestion.Accueil] PaquayLukas -> RemplirInfoEmplacement_
15/08/2022-21:44:37>[AppGestion.Authentification] MembrePersonnelActionPerformed_
15/08/2022-21:44:37>[AppGestion.Authentification] ButtonOkActionPerformed_
15/08/2022-21:44:37>[AppGestion.Authentification] PaquayLukas -> fenetreaccueuil_
15/08/2022-21:44:37>[AppGestion.Accueil] PaquayLukas -> SetPontEmplacement_
15/08/2022-21:44:37>[AppGestion.Accueil] PaquayLukas -> personnelpresent_
15/08/2022-21:44:37>[AppGestion.Accueil] PaquayLukas -> SetClientBureau_
15/08/2022-21:44:37>[AppGestion.Accueil] PaquayLukas -> AfficherDate_
15/08/2022-21:44:37>[AppGestion.Accueil] PaquayLukas -> EmplacementPont1FocusGained_
15/08/2022-21:44:37>[AppGestion.Accueil] PaquayLukas -> RemplirInfoEmplacement_
15/08/2022-21:44:46>[AppGestion.Accueil] PaquayLukas -> PatronDispoActionPerformed_
15/08/2022-21:44:46>[AppGestion.Accueil] PaquayLukas -> PatronDispoActionPerformed_
15/08/2022-21:44:47>[AppGestion.Accueil] PaquayLukas -> PersonnelAbsentActionPerformed_
15/08/2022-21:44:47>[AppGestion.Accueil] PaquayLukas -> personnelpaspresent_
15/08/2022-21:44:48>[AppGestion.Accueil] PaquayLukas -> PersonnelPresentActionPerformed_
15/08/2022-21:44:48>[AppGestion.Accueil] PaquayLukas -> personnelpresent_
15/08/2022-21:44:48>[AppGestion.Accueil] PaquayLukas -> PersonnelAbsentActionPerformed_
15/08/2022-21:44:48>[AppGestion.Accueil] PaquayLukas -> personnelpaspresent_
15/08/2022-21:44:49>[AppGestion.Accueil] PaquayLukas -> PersonnelPresentActionPerformed_
15/08/2022-21:44:49>[AppGestion.Accueil] PaquayLukas -> personnelpresent_
15/08/2022-21:44:56>[AppGestion.Accueil] PaquayLukas -> CommanderLubrifiantActionPerformed_
15/08/2022-21:44:56>[AppGestion.Commande.lubrifiant] PaquayLukas -> AfficherDate_
15/08/2022-21:44:58>[AppGestion.Commande.lubrifiant] PaquayLukas -> NonPrioritaireActionPerformed_
15/08/2022-21:45:20>[AppGestion.Commande.lubrifiant] PaquayLukas -> ButtonSendActionPerformed_
15/08/2022-21:46:12>[AppGestion.Authentification] MembrePersonnelActionPerformed_
15/08/2022-21:46:12>[AppGestion.Authentification] ButtonOkActionPerformed_
15/08/2022-21:46:12>[AppGestion.Authentification] PaquayLukas -> fenetreaccueuil_
15/08/2022-21:46:13>[AppGestion.Accueil] PaquayLukas -> SetPontEmplacement_
15/08/2022-21:46:13>[AppGestion.Accueil] PaquayLukas -> personnelpresent_
15/08/2022-21:46:13>[AppGestion.Accueil] PaquayLukas -> SetClientBureau_
15/08/2022-21:46:13>[AppGestion.Accueil] PaquayLukas -> AfficherDate_
15/08/2022-21:46:13>[AppGestion.Accueil] PaquayLukas -> EmplacementPont1FocusGained_
15/08/2022-21:46:13>[AppGestion.Accueil] PaquayLukas -> RemplirInfoEmplacement_
15/08/2022-22:40:06>[AppGestion.Accueil] PaquayLukas -> EmplacementPont1FocusGained_
15/08/2022-22:40:06>[AppGestion.Accueil] PaquayLukas -> RemplirInfoEmplacement_
16/08/2022-08:29:54>[AppGestion.Authentification] TechnicienExterieurActionPerformed_
16/08/2022-08:29:55>[AppGestion.Authentification] ButtonOkActionPerformed_
16/08/2022-08:29:55>[AppGestion.Authentification] PaquayLukas -> fenetrewarning_
16/08/2022-08:29:56>[AppGestion.Authentification] PaquayLukas -> fenetreaccueuil_
16/08/2022-08:29:56>[AppGestion.Accueil] PaquayLukas -> SetPontEmplacement_
16/08/2022-08:29:56>[AppGestion.Accueil] PaquayLukas -> personnelpresent_
16/08/2022-08:29:56>[AppGestion.Accueil] PaquayLukas -> SetClientBureau_
16/08/2022-08:29:56>[AppGestion.Accueil] PaquayLukas -> AfficherDate_
16/08/2022-08:29:56>[AppGestion.Accueil] PaquayLukas -> EmplacementPont1FocusGained_
16/08/2022-08:29:56>[AppGestion.Accueil] PaquayLukas -> RemplirInfoEmplacement_
16/08/2022-08:30:02>[AppGestion.Accueil] PaquayLukas -> PersonnelAbsentActionPerformed_
16/08/2022-08:30:02>[AppGestion.Accueil] PaquayLukas -> personnelpaspresent_
16/08/2022-08:30:03>[AppGestion.Accueil] PaquayLukas -> PersonnelAbsentActionPerformed_
16/08/2022-08:30:03>[AppGestion.Accueil] PaquayLukas -> personnelpaspresent_
16/08/2022-08:30:03>[AppGestion.Accueil] PaquayLukas -> PersonnelAbsentActionPerformed_
16/08/2022-08:30:03>[AppGestion.Accueil] PaquayLukas -> personnelpaspresent_
16/08/2022-08:30:35>[AppGestion.Accueil] PaquayLukas -> AddClientActionPerformed_
16/08/2022-08:30:41>[WindowMenu.AddClient] PaquayLukas -> ButtonCancelActionPerformed_
16/08/2022-08:30:44>[AppGestion.Accueil] PaquayLukas -> ListeClientsActionPerformed_
16/08/2022-08:30:47>[WindowMenu.ListeClients] PaquayLukas -> ButtonAddBureauActionPerformed_
16/08/2022-08:30:52>[WindowMenu.ListeClients] PaquayLukas -> ButtonOkActionPerformed_
16/08/2022-08:30:52>[AppGestion.Accueil] PaquayLukas -> SetClientBureau_
16/08/2022-08:30:55>[AppGestion.Accueil] PaquayLukas -> ListeLogActionPerformed_
16/08/2022-08:31:18>[AppGestion.Authentification] MembrePersonnelActionPerformed_
16/08/2022-08:31:18>[AppGestion.Authentification] ButtonOkActionPerformed_
16/08/2022-08:31:18>[AppGestion.Authentification] PaquayLukas -> fenetreaccueuil_
16/08/2022-08:31:18>[AppGestion.Accueil] PaquayLukas -> SetPontEmplacement_
16/08/2022-08:31:18>[AppGestion.Accueil] PaquayLukas -> personnelpresent_
16/08/2022-08:31:18>[AppGestion.Accueil] PaquayLukas -> SetClientBureau_
16/08/2022-08:31:18>[AppGestion.Accueil] PaquayLukas -> AfficherDate_
16/08/2022-08:31:18>[AppGestion.Accueil] PaquayLukas -> EmplacementPont1FocusGained_
16/08/2022-08:31:18>[AppGestion.Accueil] PaquayLukas -> RemplirInfoEmplacement_
16/08/2022-08:31:21>[AppGestion.Accueil] PaquayLukas -> ListeClientsActionPerformed_
16/08/2022-08:31:21>[AppGestion.Accueil] PaquayLukas -> EmplacementPont1FocusGained_
16/08/2022-08:31:21>[AppGestion.Accueil] PaquayLukas -> RemplirInfoEmplacement_
16/08/2022-08:31:22>[WindowMenu.ListeClients] PaquayLukas -> ButtonOkActionPerformed_
16/08/2022-08:31:22>[AppGestion.Accueil] PaquayLukas -> SetClientBureau_
16/08/2022-08:31:22>[AppGestion.Accueil] PaquayLukas -> EmplacementPont1FocusGained_
16/08/2022-08:31:22>[AppGestion.Accueil] PaquayLukas -> RemplirInfoEmplacement_
16/08/2022-08:31:24>[AppGestion.Accueil] PaquayLukas -> ListeVoitureActionPerformed_
16/08/2022-08:31:24>[AppGestion.Accueil] PaquayLukas -> EmplacementPont1FocusGained_
16/08/2022-08:31:24>[AppGestion.Accueil] PaquayLukas -> RemplirInfoEmplacement_
16/08/2022-08:31:25>[WindowMenu.ListeVoitures] PaquayLukas -> ButtonOkActionPerformed_
16/08/2022-08:31:25>[AppGestion.Accueil] PaquayLukas -> EmplacementPont1FocusGained_
16/08/2022-08:31:25>[AppGestion.Accueil] PaquayLukas -> RemplirInfoEmplacement_
16/08/2022-08:31:26>[AppGestion.Accueil] PaquayLukas -> ListeEmployeActionPerformed_
16/08/2022-08:31:26>[AppGestion.Accueil] PaquayLukas -> EmplacementPont1FocusGained_
16/08/2022-08:31:26>[AppGestion.Accueil] PaquayLukas -> RemplirInfoEmplacement_
16/08/2022-08:31:27>[WindowMenu.ListeEmployes] PaquayLukas -> ButtonOkActionPerformed_
16/08/2022-08:31:27>[AppGestion.Accueil] PaquayLukas -> EmplacementPont1FocusGained_
16/08/2022-08:31:27>[AppGestion.Accueil] PaquayLukas -> RemplirInfoEmplacement_
16/08/2022-08:31:28>[AppGestion.Accueil] PaquayLukas -> ListeMecanicienActionPerformed_
16/08/2022-08:31:28>[AppGestion.Accueil] PaquayLukas -> EmplacementPont1FocusGained_
16/08/2022-08:31:28>[AppGestion.Accueil] PaquayLukas -> RemplirInfoEmplacement_
16/08/2022-08:31:33>[WindowMenu.ListeMecaniciens] PaquayLukas -> ButtonOkActionPerformed_
16/08/2022-08:31:33>[AppGestion.Accueil] PaquayLukas -> EmplacementPont1FocusGained_
16/08/2022-08:31:33>[AppGestion.Accueil] PaquayLukas -> RemplirInfoEmplacement_
16/08/2022-08:32:37>[AppGestion.Authentification] MembrePersonnelActionPerformed_
16/08/2022-08:32:38>[AppGestion.Authentification] ButtonOkActionPerformed_
16/08/2022-08:32:38>[AppGestion.Authentification] PaquayLukas -> fenetreaccueuil_
16/08/2022-08:32:38>[AppGestion.Accueil] PaquayLukas -> SetPontEmplacement_
16/08/2022-08:32:38>[AppGestion.Accueil] PaquayLukas -> personnelpresent_
16/08/2022-08:32:38>[AppGestion.Accueil] PaquayLukas -> SetClientBureau_
16/08/2022-08:32:38>[AppGestion.Accueil] PaquayLukas -> AfficherDate_
16/08/2022-08:32:38>[AppGestion.Accueil] PaquayLukas -> EmplacementPont1FocusGained_
16/08/2022-08:32:38>[AppGestion.Accueil] PaquayLukas -> RemplirInfoEmplacement_
16/08/2022-08:32:40>[AppGestion.Accueil] PaquayLukas -> ListeEmployeActionPerformed_
16/08/2022-08:32:40>[AppGestion.Accueil] PaquayLukas -> EmplacementPont1FocusGained_
16/08/2022-08:32:40>[AppGestion.Accueil] PaquayLukas -> RemplirInfoEmplacement_
16/08/2022-08:32:41>[WindowMenu.ListeEmployes] PaquayLukas -> ButtonOkActionPerformed_
16/08/2022-08:32:41>[AppGestion.Accueil] PaquayLukas -> EmplacementPont1FocusGained_
16/08/2022-08:32:41>[AppGestion.Accueil] PaquayLukas -> RemplirInfoEmplacement_
16/08/2022-08:32:43>[AppGestion.Accueil] PaquayLukas -> ListeMecanicienActionPerformed_
16/08/2022-08:32:43>[AppGestion.Accueil] PaquayLukas -> EmplacementPont1FocusGained_
16/08/2022-08:32:43>[AppGestion.Accueil] PaquayLukas -> RemplirInfoEmplacement_
16/08/2022-08:32:47>[WindowMenu.ListeMecaniciens] PaquayLukas -> ButtonOkActionPerformed_
16/08/2022-08:32:47>[AppGestion.Accueil] PaquayLukas -> EmplacementPont1FocusGained_
16/08/2022-08:32:47>[AppGestion.Accueil] PaquayLukas -> RemplirInfoEmplacement_
16/08/2022-08:32:50>[AppGestion.Accueil] PaquayLukas -> AddTechnicienActionPerformed_
16/08/2022-08:32:50>[AppGestion.Accueil] PaquayLukas -> EmplacementPont1FocusGained_
16/08/2022-08:32:50>[AppGestion.Accueil] PaquayLukas -> RemplirInfoEmplacement_
16/08/2022-08:32:51>[WindowMenu.AddTechnicien] PaquayLukas -> ButtonCancelActionPerformed_
16/08/2022-08:32:51>[AppGestion.Accueil] PaquayLukas -> EmplacementPont1FocusGained_
16/08/2022-08:32:51>[AppGestion.Accueil] PaquayLukas -> RemplirInfoEmplacement_
16/08/2022-08:32:53>[AppGestion.Accueil] PaquayLukas -> ListeTechnicienActionPerformed_
16/08/2022-08:32:53>[AppGestion.Accueil] PaquayLukas -> EmplacementPont1FocusGained_
16/08/2022-08:32:53>[AppGestion.Accueil] PaquayLukas -> RemplirInfoEmplacement_
16/08/2022-08:32:57>[WindowMenu.ListeTechniciens] PaquayLukas -> ButtonOkActionPerformed_
16/08/2022-08:32:57>[AppGestion.Accueil] PaquayLukas -> EmplacementPont1FocusGained_
16/08/2022-08:32:57>[AppGestion.Accueil] PaquayLukas -> RemplirInfoEmplacement_
16/08/2022-08:32:59>[AppGestion.Accueil] PaquayLukas -> AddClientActionPerformed_
16/08/2022-08:32:59>[AppGestion.Accueil] PaquayLukas -> EmplacementPont1FocusGained_
16/08/2022-08:32:59>[AppGestion.Accueil] PaquayLukas -> RemplirInfoEmplacement_
16/08/2022-08:33:00>[WindowMenu.AddClient] PaquayLukas -> ButtonCancelActionPerformed_
16/08/2022-08:33:00>[AppGestion.Accueil] PaquayLukas -> EmplacementPont1FocusGained_
16/08/2022-08:33:00>[AppGestion.Accueil] PaquayLukas -> RemplirInfoEmplacement_
16/08/2022-08:33:02>[AppGestion.Accueil] PaquayLukas -> ListeClientsActionPerformed_
16/08/2022-08:33:02>[AppGestion.Accueil] PaquayLukas -> EmplacementPont1FocusGained_
16/08/2022-08:33:02>[AppGestion.Accueil] PaquayLukas -> RemplirInfoEmplacement_
16/08/2022-08:33:11>[WindowMenu.ListeClients] PaquayLukas -> ButtonAddBureauActionPerformed_
16/08/2022-08:33:13>[AppGestion.Accueil] PaquayLukas -> SetClientBureau_
16/08/2022-08:33:13>[AppGestion.Accueil] PaquayLukas -> ChercherClient_
16/08/2022-08:33:13>[AppGestion.Accueil] PaquayLukas -> EmplacementPont1FocusGained_
16/08/2022-08:33:13>[AppGestion.Accueil] PaquayLukas -> RemplirInfoEmplacement_
16/08/2022-08:33:16>[AppGestion.Accueil] PaquayLukas -> PatronDispoActionPerformed_
16/08/2022-08:33:16>[AppGestion.Accueil] PaquayLukas -> SetClientBureau_
16/08/2022-08:33:17>[AppGestion.Accueil] PaquayLukas -> PatronDispoActionPerformed_
16/08/2022-08:33:25>[AppGestion.Accueil] PaquayLukas -> ListeClientsActionPerformed_
16/08/2022-08:33:27>[WindowMenu.ListeClients] PaquayLukas -> ButtonAddBureauActionPerformed_
16/08/2022-08:33:29>[AppGestion.Accueil] PaquayLukas -> SetClientBureau_
16/08/2022-08:33:29>[AppGestion.Accueil] PaquayLukas -> ChercherClient_
16/08/2022-08:33:32>[AppGestion.Accueil] PaquayLukas -> PersonnelAbsentActionPerformed_
16/08/2022-08:33:32>[AppGestion.Accueil] PaquayLukas -> personnelpaspresent_
16/08/2022-08:33:33>[AppGestion.Accueil] PaquayLukas -> PatronDispoActionPerformed_
16/08/2022-08:33:33>[AppGestion.Accueil] PaquayLukas -> SetClientBureau_
16/08/2022-08:33:34>[AppGestion.Accueil] PaquayLukas -> PatronDispoActionPerformed_
16/08/2022-08:33:42>[AppGestion.Accueil] PaquayLukas -> ListeVoitureActionPerformed_
16/08/2022-08:33:56>[WindowMenu.ListeVoitures] PaquayLukas -> ButtonOkActionPerformed_
16/08/2022-08:34:00>[AppGestion.Accueil] PaquayLukas -> AddClientActionPerformed_
16/08/2022-08:34:01>[WindowMenu.AddClient] PaquayLukas -> ButtonAddActionPerformed_
16/08/2022-08:34:05>[WindowMenu.AddClient] PaquayLukas -> ButtonCancelActionPerformed_
16/08/2022-08:34:07>[AppGestion.Accueil] PaquayLukas -> AddClientActionPerformed_
16/08/2022-08:34:41>[WindowMenu.AddClient] PaquayLukas -> ButtonAddActionPerformed_
16/08/2022-08:34:41>[WindowMenu.AddClient] PaquayLukas -> add_
16/08/2022-08:34:44>[AppGestion.Accueil] PaquayLukas -> AddVoitureActionPerformed_
16/08/2022-08:35:49>[WindowMenu.AddVoiture] PaquayLukas -> PlaqueBelgeActionPerformed_
16/08/2022-08:35:54>[WindowMenu.AddVoiture] PaquayLukas -> ButtonAddActionPerformed_
16/08/2022-08:35:54>[WindowMenu.AddVoiture] PaquayLukas -> verifierimmatriculation_
16/08/2022-08:35:54>[WindowMenu.AddVoiture] PaquayLukas -> add_
16/08/2022-08:35:59>[AppGestion.Accueil] PaquayLukas -> ListeVoitureActionPerformed_
16/08/2022-08:36:07>[WindowMenu.ListeVoitures] PaquayLukas -> ButtonOkActionPerformed_
16/08/2022-08:36:09>[AppGestion.Accueil] PaquayLukas -> AddClientActionPerformed_
16/08/2022-08:36:37>[WindowMenu.AddClient] PaquayLukas -> ButtonAddActionPerformed_
16/08/2022-08:36:42>[WindowMenu.AddClient] PaquayLukas -> ButtonAddActionPerformed_
16/08/2022-08:36:42>[WindowMenu.AddClient] PaquayLukas -> add_
16/08/2022-08:36:45>[AppGestion.Accueil] PaquayLukas -> AddVoitureActionPerformed_
16/08/2022-08:37:53>[WindowMenu.AddVoiture] PaquayLukas -> PlaqueBelgeActionPerformed_
16/08/2022-08:37:59>[WindowMenu.AddVoiture] PaquayLukas -> ButtonAddActionPerformed_
16/08/2022-08:37:59>[WindowMenu.AddVoiture] PaquayLukas -> verifierimmatriculation_
16/08/2022-08:37:59>[WindowMenu.AddVoiture] PaquayLukas -> add_
16/08/2022-08:38:02>[AppGestion.Accueil] PaquayLukas -> ListeVoitureActionPerformed_
16/08/2022-08:38:10>[WindowMenu.ListeVoitures] PaquayLukas -> ButtonOkActionPerformed_
16/08/2022-08:38:13>[AppGestion.Accueil] PaquayLukas -> ListeClientsActionPerformed_
16/08/2022-08:38:15>[WindowMenu.ListeClients] PaquayLukas -> ButtonOkActionPerformed_
16/08/2022-08:38:15>[AppGestion.Accueil] PaquayLukas -> SetClientBureau_
16/08/2022-08:38:16>[AppGestion.Accueil] PaquayLukas -> AddClientActionPerformed_
16/08/2022-08:38:49>[WindowMenu.AddClient] PaquayLukas -> ButtonAddActionPerformed_
16/08/2022-08:38:49>[WindowMenu.AddClient] PaquayLukas -> add_
16/08/2022-08:38:52>[AppGestion.Accueil] PaquayLukas -> AddVoitureActionPerformed_
16/08/2022-08:39:24>[WindowMenu.AddVoiture] PaquayLukas -> PlaqueBelgeActionPerformed_
16/08/2022-08:39:27>[WindowMenu.AddVoiture] PaquayLukas -> ButtonAddActionPerformed_
16/08/2022-08:39:27>[WindowMenu.AddVoiture] PaquayLukas -> verifierimmatriculation_
16/08/2022-08:39:27>[WindowMenu.AddVoiture] PaquayLukas -> add_
16/08/2022-08:39:31>[AppGestion.Accueil] PaquayLukas -> AddClientActionPerformed_
16/08/2022-08:41:05>[WindowMenu.AddClient] PaquayLukas -> ButtonAddActionPerformed_
16/08/2022-08:41:05>[WindowMenu.AddClient] PaquayLukas -> add_
16/08/2022-08:41:08>[AppGestion.Accueil] PaquayLukas -> ListeClientsActionPerformed_
16/08/2022-08:41:17>[WindowMenu.ListeClients] PaquayLukas -> ButtonOkActionPerformed_
16/08/2022-08:41:17>[AppGestion.Accueil] PaquayLukas -> SetClientBureau_
16/08/2022-08:41:19>[AppGestion.Accueil] PaquayLukas -> AddVoitureActionPerformed_
16/08/2022-08:42:14>[WindowMenu.AddVoiture] PaquayLukas -> ButtonAddActionPerformed_
16/08/2022-08:42:14>[WindowMenu.AddVoiture] PaquayLukas -> add_
16/08/2022-08:42:18>[AppGestion.Accueil] PaquayLukas -> ListeVoitureActionPerformed_
16/08/2022-08:42:39>[WindowMenu.ListeVoitures] PaquayLukas -> ButtonOkActionPerformed_
16/08/2022-08:42:43>[AppGestion.Accueil] PaquayLukas -> ListeCommandesActionPerformed_
16/08/2022-08:43:04>[AppGestion.Accueil] PaquayLukas -> TerminerTravailActionPerformed_
16/08/2022-08:43:07>[AppGestion.Accueil] PaquayLukas -> ListeTravauxActionPerformed_
16/08/2022-08:49:22>[AppGestion.Authentification] MembrePersonnelActionPerformed_
16/08/2022-08:49:22>[AppGestion.Authentification] ButtonOkActionPerformed_
16/08/2022-08:49:22>[AppGestion.Authentification] PaquayLukas -> fenetreaccueuil_
16/08/2022-08:49:22>[AppGestion.Accueil] PaquayLukas -> SetPontEmplacement_
16/08/2022-08:49:22>[AppGestion.Accueil] PaquayLukas -> personnelpresent_
16/08/2022-08:49:22>[AppGestion.Accueil] PaquayLukas -> SetClientBureau_
16/08/2022-08:49:22>[AppGestion.Accueil] PaquayLukas -> AfficherDate_
16/08/2022-08:49:22>[AppGestion.Accueil] PaquayLukas -> EmplacementPont1FocusGained_
16/08/2022-08:49:22>[AppGestion.Accueil] PaquayLukas -> RemplirInfoEmplacement_
16/08/2022-08:49:25>[AppGestion.Accueil] PaquayLukas -> ListeTravauxActionPerformed_
16/08/2022-08:49:25>[AppGestion.Accueil] PaquayLukas -> EmplacementPont1FocusGained_
16/08/2022-08:49:25>[AppGestion.Accueil] PaquayLukas -> RemplirInfoEmplacement_
16/08/2022-08:50:09>[AppGestion.Authentification] MembrePersonnelActionPerformed_
16/08/2022-08:50:09>[AppGestion.Authentification] ButtonOkActionPerformed_
16/08/2022-08:50:09>[AppGestion.Authentification] PaquayLukas -> fenetreaccueuil_
16/08/2022-08:50:09>[AppGestion.Accueil] PaquayLukas -> SetPontEmplacement_
16/08/2022-08:50:09>[AppGestion.Accueil] PaquayLukas -> personnelpresent_
16/08/2022-08:50:09>[AppGestion.Accueil] PaquayLukas -> SetClientBureau_
16/08/2022-08:50:09>[AppGestion.Accueil] PaquayLukas -> AfficherDate_
16/08/2022-08:50:09>[AppGestion.Accueil] PaquayLukas -> EmplacementPont1FocusGained_
16/08/2022-08:50:09>[AppGestion.Accueil] PaquayLukas -> RemplirInfoEmplacement_
16/08/2022-08:50:12>[AppGestion.Accueil] PaquayLukas -> ListeTravauxActionPerformed_
16/08/2022-08:50:12>[AppGestion.Accueil] PaquayLukas -> EmplacementPont1FocusGained_
16/08/2022-08:50:12>[AppGestion.Accueil] PaquayLukas -> RemplirInfoEmplacement_
16/08/2022-08:50:19>[AppGestion.ListeTravaux] PaquayLukas -> ButtonOkActionPerformed_
16/08/2022-08:50:19>[AppGestion.Accueil] PaquayLukas -> EmplacementPont1FocusGained_
16/08/2022-08:50:19>[AppGestion.Accueil] PaquayLukas -> RemplirInfoEmplacement_
16/08/2022-08:53:36>[AppGestion.Authentification] MembrePersonnelActionPerformed_
16/08/2022-08:53:37>[AppGestion.Authentification] ButtonOkActionPerformed_
16/08/2022-08:53:37>[AppGestion.Authentification] PaquayLukas -> fenetreaccueuil_
16/08/2022-08:53:37>[AppGestion.Accueil] PaquayLukas -> SetPontEmplacement_
16/08/2022-08:53:37>[AppGestion.Accueil] PaquayLukas -> personnelpresent_
16/08/2022-08:53:37>[AppGestion.Accueil] PaquayLukas -> SetClientBureau_
16/08/2022-08:53:37>[AppGestion.Accueil] PaquayLukas -> AfficherDate_
16/08/2022-08:53:37>[AppGestion.Accueil] PaquayLukas -> EmplacementPont1FocusGained_
16/08/2022-08:53:37>[AppGestion.Accueil] PaquayLukas -> RemplirInfoEmplacement_
16/08/2022-08:53:52>[AppGestion.Accueil] PaquayLukas -> EmplacementSolFocusGained_
16/08/2022-08:53:52>[AppGestion.Accueil] PaquayLukas -> RemplirInfoEmplacement_
16/08/2022-08:53:56>[AppGestion.Accueil] PaquayLukas -> APrevoirActionPerformed_
16/08/2022-08:53:56>[AppGestion.APrevoir] PaquayLukas -> VoitureActionPerformed_
16/08/2022-08:53:56>[AppGestion.APrevoir] PaquayLukas -> ProprietaireActionPerformed_
16/08/2022-08:53:56>[AppGestion.APrevoir] PaquayLukas -> VoitureActionPerformed_
16/08/2022-08:53:56>[AppGestion.APrevoir] PaquayLukas -> ProprietaireActionPerformed_
16/08/2022-08:53:56>[AppGestion.Accueil] PaquayLukas -> EmplacementSolFocusGained_
16/08/2022-08:53:56>[AppGestion.Accueil] PaquayLukas -> RemplirInfoEmplacement_
16/08/2022-08:53:59>[AppGestion.APrevoir] PaquayLukas -> VoitureActionPerformed_
16/08/2022-08:53:59>[AppGestion.APrevoir] PaquayLukas -> changeindex_
16/08/2022-08:53:59>[AppGestion.APrevoir] PaquayLukas -> ProprietaireActionPerformed_
16/08/2022-08:53:59>[AppGestion.APrevoir] PaquayLukas -> changeindex_
16/08/2022-08:54:02>[AppGestion.APrevoir] PaquayLukas -> ReparationActionPerformed_
16/08/2022-08:54:02>[AppGestion.APrevoir] PaquayLukas -> viderCB_
16/08/2022-08:54:02>[AppGestion.APrevoir] PaquayLukas -> Addelement_
16/08/2022-08:54:30>[AppGestion.APrevoir] PaquayLukas -> ButtonOkActionPerformed_
16/08/2022-08:54:30>[AppGestion.APrevoir] PaquayLukas -> addtravail_
16/08/2022-08:54:31>[AppGestion.Accueil] PaquayLukas -> EmplacementSolFocusGained_
16/08/2022-08:54:31>[AppGestion.Accueil] PaquayLukas -> RemplirInfoEmplacement_
16/08/2022-08:54:33>[AppGestion.Accueil] PaquayLukas -> APrevoirActionPerformed_
16/08/2022-08:54:33>[AppGestion.APrevoir] PaquayLukas -> VoitureActionPerformed_
16/08/2022-08:54:33>[AppGestion.APrevoir] PaquayLukas -> ProprietaireActionPerformed_
16/08/2022-08:54:33>[AppGestion.APrevoir] PaquayLukas -> VoitureActionPerformed_
16/08/2022-08:54:33>[AppGestion.APrevoir] PaquayLukas -> ProprietaireActionPerformed_
16/08/2022-08:54:33>[AppGestion.Accueil] PaquayLukas -> EmplacementSolFocusGained_
16/08/2022-08:54:33>[AppGestion.Accueil] PaquayLukas -> RemplirInfoEmplacement_
16/08/2022-08:54:38>[AppGestion.APrevoir] PaquayLukas -> VoitureActionPerformed_
16/08/2022-08:54:38>[AppGestion.APrevoir] PaquayLukas -> changeindex_
16/08/2022-08:54:38>[AppGestion.APrevoir] PaquayLukas -> ProprietaireActionPerformed_
16/08/2022-08:54:38>[AppGestion.APrevoir] PaquayLukas -> changeindex_
16/08/2022-08:54:43>[AppGestion.APrevoir] PaquayLukas -> EntretienActionPerformed_
16/08/2022-08:54:43>[AppGestion.APrevoir] PaquayLukas -> viderCB_
16/08/2022-08:54:43>[AppGestion.APrevoir] PaquayLukas -> Addelement_
16/08/2022-08:55:31>[AppGestion.APrevoir] PaquayLukas -> ButtonOkActionPerformed_
16/08/2022-08:55:31>[AppGestion.APrevoir] PaquayLukas -> addtravail_
16/08/2022-08:55:31>[AppGestion.APrevoir] PaquayLukas -> PlusGrand_
16/08/2022-08:55:33>[AppGestion.Accueil] PaquayLukas -> EmplacementSolFocusGained_
16/08/2022-08:55:33>[AppGestion.Accueil] PaquayLukas -> RemplirInfoEmplacement_
16/08/2022-08:55:36>[AppGestion.Accueil] PaquayLukas -> APrevoirActionPerformed_
16/08/2022-08:55:36>[AppGestion.APrevoir] PaquayLukas -> VoitureActionPerformed_
16/08/2022-08:55:36>[AppGestion.APrevoir] PaquayLukas -> ProprietaireActionPerformed_
16/08/2022-08:55:36>[AppGestion.APrevoir] PaquayLukas -> VoitureActionPerformed_
16/08/2022-08:55:36>[AppGestion.APrevoir] PaquayLukas -> ProprietaireActionPerformed_
16/08/2022-08:55:36>[AppGestion.Accueil] PaquayLukas -> EmplacementSolFocusGained_
16/08/2022-08:55:36>[AppGestion.Accueil] PaquayLukas -> RemplirInfoEmplacement_
16/08/2022-08:55:39>[AppGestion.APrevoir] PaquayLukas -> VoitureActionPerformed_
16/08/2022-08:55:39>[AppGestion.APrevoir] PaquayLukas -> changeindex_
16/08/2022-08:55:39>[AppGestion.APrevoir] PaquayLukas -> ProprietaireActionPerformed_
16/08/2022-08:55:39>[AppGestion.APrevoir] PaquayLukas -> changeindex_
16/08/2022-08:55:42>[AppGestion.APrevoir] PaquayLukas -> ReparationActionPerformed_
16/08/2022-08:55:42>[AppGestion.APrevoir] PaquayLukas -> viderCB_
16/08/2022-08:55:42>[AppGestion.APrevoir] PaquayLukas -> Addelement_
16/08/2022-08:55:46>[AppGestion.APrevoir] PaquayLukas -> EntretienActionPerformed_
16/08/2022-08:55:46>[AppGestion.APrevoir] PaquayLukas -> viderCB_
16/08/2022-08:55:46>[AppGestion.APrevoir] PaquayLukas -> Addelement_
16/08/2022-08:56:04>[AppGestion.APrevoir] PaquayLukas -> ButtonOkActionPerformed_
16/08/2022-08:56:04>[AppGestion.APrevoir] PaquayLukas -> addtravail_
16/08/2022-08:56:04>[AppGestion.APrevoir] PaquayLukas -> PlusGrand_
16/08/2022-08:56:05>[AppGestion.Accueil] PaquayLukas -> EmplacementSolFocusGained_
16/08/2022-08:56:05>[AppGestion.Accueil] PaquayLukas -> RemplirInfoEmplacement_
16/08/2022-08:56:08>[AppGestion.Accueil] PaquayLukas -> PriseEnChargeActionPerformed_
16/08/2022-08:56:08>[AppGestion.Accueil] PaquayLukas -> EmplacementSolFocusGained_
16/08/2022-08:56:08>[AppGestion.Accueil] PaquayLukas -> RemplirInfoEmplacement_
16/08/2022-08:56:22>[AppGestion.PriseEnCharge] PaquayLukas -> SolActionPerformed_
16/08/2022-08:56:22>[AppGestion.PriseEnCharge] PaquayLukas -> SelectionPontActionPerformed_
16/08/2022-08:56:23>[AppGestion.PriseEnCharge] PaquayLukas -> ButtonOkActionPerformed_
16/08/2022-08:56:23>[AppGestion.PriseEnCharge] PaquayLukas -> VerifierEmplacement_
16/08/2022-08:56:23>[AppGestion.PriseEnCharge] PaquayLukas -> Modifieremplacement_
16/08/2022-08:56:24>[AppGestion.Accueil] PaquayLukas -> SetPontEmplacement_
16/08/2022-08:56:24>[AppGestion.Accueil] PaquayLukas -> ChercherEntretien_
16/08/2022-08:56:24>[AppGestion.Accueil] PaquayLukas -> EmplacementSolFocusGained_
16/08/2022-08:56:24>[AppGestion.Accueil] PaquayLukas -> RemplirInfoEmplacement_
16/08/2022-08:56:24>[AppGestion.Accueil] PaquayLukas -> ChercherEntretien_
16/08/2022-08:56:42>[AppGestion.Accueil] PaquayLukas -> ListeClientsActionPerformed_
16/08/2022-08:56:42>[AppGestion.Accueil] PaquayLukas -> EmplacementSolFocusGained_
16/08/2022-08:56:42>[AppGestion.Accueil] PaquayLukas -> RemplirInfoEmplacement_
16/08/2022-08:56:42>[AppGestion.Accueil] PaquayLukas -> ChercherEntretien_
16/08/2022-08:56:45>[WindowMenu.ListeClients] PaquayLukas -> ButtonAddBureauActionPerformed_
16/08/2022-08:56:46>[AppGestion.Accueil] PaquayLukas -> SetClientBureau_
16/08/2022-08:56:46>[AppGestion.Accueil] PaquayLukas -> ChercherClient_
16/08/2022-08:56:46>[AppGestion.Accueil] PaquayLukas -> EmplacementSolFocusGained_
16/08/2022-08:56:46>[AppGestion.Accueil] PaquayLukas -> RemplirInfoEmplacement_
16/08/2022-08:56:46>[AppGestion.Accueil] PaquayLukas -> ChercherEntretien_
16/08/2022-08:56:53>[AppGestion.Accueil] PaquayLukas -> PersonnelAbsentActionPerformed_
16/08/2022-08:56:53>[AppGestion.Accueil] PaquayLukas -> personnelpaspresent_
16/08/2022-08:56:56>[AppGestion.Accueil] PaquayLukas -> AddFactureActionPerformed_
16/08/2022-08:56:56>[AppGestion.AddFacture] PaquayLukas -> Travail1ActionPerformed_
16/08/2022-08:56:56>[AppGestion.AddFacture] PaquayLukas -> Travail1ActionPerformed_
16/08/2022-08:56:56>[AppGestion.AddFacture] PaquayLukas -> Travail2ActionPerformed_
16/08/2022-08:56:59>[AppGestion.AddFacture] PaquayLukas -> Travail1ActionPerformed_
16/08/2022-08:56:59>[AppGestion.AddFacture] PaquayLukas -> Travail2ActionPerformed_
16/08/2022-08:57:01>[AppGestion.AddFacture] PaquayLukas -> Travail1ActionPerformed_
16/08/2022-08:57:01>[AppGestion.AddFacture] PaquayLukas -> Travail2ActionPerformed_
16/08/2022-08:57:15>[AppGestion.AddFacture] PaquayLukas -> ButtonAddActionPerformed_
16/08/2022-08:57:18>[AppGestion.Accueil] PaquayLukas -> ListeFacturesActionPerformed_
16/08/2022-08:57:32>[AppGestion.Accueil] PaquayLukas -> AddFactureActionPerformed_
16/08/2022-08:57:32>[AppGestion.AddFacture] PaquayLukas -> Travail1ActionPerformed_
16/08/2022-08:57:32>[AppGestion.AddFacture] PaquayLukas -> Travail1ActionPerformed_
16/08/2022-08:57:32>[AppGestion.AddFacture] PaquayLukas -> Travail2ActionPerformed_
16/08/2022-08:57:36>[AppGestion.AddFacture] PaquayLukas -> Travail1ActionPerformed_
16/08/2022-08:57:36>[AppGestion.AddFacture] PaquayLukas -> Travail2ActionPerformed_
16/08/2022-08:57:41>[AppGestion.AddFacture] PaquayLukas -> ButtonCancelActionPerformed_
16/08/2022-08:57:53>[AppGestion.Accueil] PaquayLukas -> ListeTravauxActionPerformed_
20/08/2022-23:22:15>[AppGestion.Authentification] MembrePersonnelActionPerformed_
20/08/2022-23:22:15>[AppGestion.Authentification] ButtonOkActionPerformed_
20/08/2022-23:22:15>[AppGestion.Authentification] PaquayLukas -> fenetreaccueuil_
20/08/2022-23:22:15>[AppGestion.Accueil] PaquayLukas -> SetPontEmplacement_
20/08/2022-23:22:15>[AppGestion.Accueil] PaquayLukas -> ChercherEntretien_
20/08/2022-23:22:15>[AppGestion.Accueil] PaquayLukas -> personnelpresent_
20/08/2022-23:22:15>[AppGestion.Accueil] PaquayLukas -> SetClientBureau_
20/08/2022-23:22:15>[AppGestion.Accueil] PaquayLukas -> ChercherClient_
20/08/2022-23:22:15>[AppGestion.Accueil] PaquayLukas -> AfficherDate_
20/08/2022-23:22:15>[AppGestion.Accueil] PaquayLukas -> EmplacementPont1FocusGained_
20/08/2022-23:22:15>[AppGestion.Accueil] PaquayLukas -> RemplirInfoEmplacement_
20/08/2022-23:22:21>[AppGestion.Accueil] PaquayLukas -> EmplacementPont1FocusGained_
20/08/2022-23:22:21>[AppGestion.Accueil] PaquayLukas -> RemplirInfoEmplacement_
20/08/2022-23:22:23>[AppGestion.Accueil] PaquayLukas -> EmplacementSolFocusGained_
20/08/2022-23:22:23>[AppGestion.Accueil] PaquayLukas -> RemplirInfoEmplacement_
20/08/2022-23:22:23>[AppGestion.Accueil] PaquayLukas -> ChercherEntretien_
20/08/2022-23:22:30>[AppGestion.Accueil] PaquayLukas -> ListeFacturesActionPerformed_
20/08/2022-23:22:30>[AppGestion.Accueil] PaquayLukas -> EmplacementSolFocusGained_
20/08/2022-23:22:30>[AppGestion.Accueil] PaquayLukas -> RemplirInfoEmplacement_
20/08/2022-23:22:30>[AppGestion.Accueil] PaquayLukas -> ChercherEntretien_
20/08/2022-23:22:33>[AppGestion.Accueil] PaquayLukas -> EmplacementSolFocusGained_
20/08/2022-23:22:33>[AppGestion.Accueil] PaquayLukas -> RemplirInfoEmplacement_
20/08/2022-23:22:33>[AppGestion.Accueil] PaquayLukas -> ChercherEntretien_
20/08/2022-23:22:37>[AppGestion.Accueil] PaquayLukas -> EmplacementSolFocusGained_
20/08/2022-23:22:37>[AppGestion.Accueil] PaquayLukas -> RemplirInfoEmplacement_
20/08/2022-23:22:37>[AppGestion.Accueil] PaquayLukas -> ChercherEntretien_
20/08/2022-23:22:40>[AppGestion.Accueil] PaquayLukas -> PersonnelAbsentActionPerformed_
20/08/2022-23:22:40>[AppGestion.Accueil] PaquayLukas -> personnelpaspresent_
20/08/2022-23:22:43>[AppGestion.Accueil] PaquayLukas -> PersonnelPresentActionPerformed_
20/08/2022-23:22:43>[AppGestion.Accueil] PaquayLukas -> personnelpresent_
20/08/2022-23:22:48>[AppGestion.Accueil] PaquayLukas -> PersonnelAbsentActionPerformed_
20/08/2022-23:22:48>[AppGestion.Accueil] PaquayLukas -> personnelpaspresent_
20/08/2022-23:22:49>[AppGestion.Accueil] PaquayLukas -> PersonnelPresentActionPerformed_
20/08/2022-23:22:49>[AppGestion.Accueil] PaquayLukas -> personnelpresent_
20/08/2022-23:22:53>[AppGestion.Accueil] PaquayLukas -> PatronDispoActionPerformed_
20/08/2022-23:22:53>[AppGestion.Accueil] PaquayLukas -> SetClientBureau_
20/08/2022-23:22:58>[AppGestion.Accueil] PaquayLukas -> EmplacementSolFocusGained_
20/08/2022-23:22:58>[AppGestion.Accueil] PaquayLukas -> RemplirInfoEmplacement_
20/08/2022-23:22:58>[AppGestion.Accueil] PaquayLukas -> ChercherEntretien_
20/08/2022-23:22:58>[AppGestion.Accueil] PaquayLukas -> EmplacementPont2FocusGained_
20/08/2022-23:22:58>[AppGestion.Accueil] PaquayLukas -> RemplirInfoEmplacement_
20/08/2022-23:23:01>[AppGestion.Accueil] PaquayLukas -> PriseEnChargeActionPerformed_
20/08/2022-23:23:01>[AppGestion.Accueil] PaquayLukas -> EmplacementPont2FocusGained_
20/08/2022-23:23:01>[AppGestion.Accueil] PaquayLukas -> RemplirInfoEmplacement_
20/08/2022-23:23:13>[AppGestion.PriseEnCharge] PaquayLukas -> PontActionPerformed_
20/08/2022-23:23:16>[AppGestion.PriseEnCharge] PaquayLukas -> SelectionPontActionPerformed_
20/08/2022-23:23:17>[AppGestion.PriseEnCharge] PaquayLukas -> ButtonOkActionPerformed_
20/08/2022-23:23:17>[AppGestion.PriseEnCharge] PaquayLukas -> VerifierEmplacement_
20/08/2022-23:23:17>[AppGestion.PriseEnCharge] PaquayLukas -> Modifieremplacement_
20/08/2022-23:23:19>[AppGestion.Accueil] PaquayLukas -> SetPontEmplacement_
20/08/2022-23:23:19>[AppGestion.Accueil] PaquayLukas -> ChercherReparation_
20/08/2022-23:23:19>[AppGestion.Accueil] PaquayLukas -> ChercherEntretien_
20/08/2022-23:23:19>[AppGestion.Accueil] PaquayLukas -> EmplacementPont2FocusGained_
20/08/2022-23:23:19>[AppGestion.Accueil] PaquayLukas -> RemplirInfoEmplacement_
20/08/2022-23:23:20>[AppGestion.Accueil] PaquayLukas -> EmplacementPont3FocusGained_
20/08/2022-23:23:20>[AppGestion.Accueil] PaquayLukas -> RemplirInfoEmplacement_
20/08/2022-23:23:20>[AppGestion.Accueil] PaquayLukas -> ChercherReparation_
20/08/2022-23:23:25>[AppGestion.Accueil] PaquayLukas -> EmplacementSolFocusGained_
20/08/2022-23:23:25>[AppGestion.Accueil] PaquayLukas -> RemplirInfoEmplacement_
20/08/2022-23:23:25>[AppGestion.Accueil] PaquayLukas -> ChercherEntretien_
20/08/2022-23:23:26>[AppGestion.Accueil] PaquayLukas -> EmplacementPont3FocusGained_
20/08/2022-23:23:26>[AppGestion.Accueil] PaquayLukas -> RemplirInfoEmplacement_
20/08/2022-23:23:26>[AppGestion.Accueil] PaquayLukas -> ChercherReparation_
20/08/2022-23:23:26>[AppGestion.Accueil] PaquayLukas -> EmplacementSolFocusGained_
20/08/2022-23:23:26>[AppGestion.Accueil] PaquayLukas -> RemplirInfoEmplacement_
20/08/2022-23:23:26>[AppGestion.Accueil] PaquayLukas -> ChercherEntretien_
